<?xml version="1.0" encoding="UTF-8"?>
<!-- Generated by org.testng.reporters.JUnitReportReporter -->
<testsuite skipped="0" hostname="DESKTOP-VG3VBVK" name="tests.TestClass2" tests="6" failures="0" timestamp="2023-02-08T15:21:43 IST" time="30.071" errors="0">
  <testcase name="test1" time="5.014" classname="tests.TestClass2"/>
  <system-out/>
  <testcase name="test2" time="5.012" classname="tests.TestClass2"/>
  <system-out/>
  <testcase name="test1" time="5.014" classname="tests.TestClass2"/>
  <system-out/>
  <testcase name="test3" time="5.016" classname="tests.TestClass2"/>
  <system-out/>
  <testcase name="test2" time="5.013" classname="tests.TestClass2"/>
  <system-out/>
  <testcase name="test3" time="5.002" classname="tests.TestClass2"/>
  <system-out/>
</testsuite> <!-- tests.TestClass2 -->
