<?xml version="1.0" encoding="UTF-8"?>
<!-- Generated by org.testng.reporters.JUnitReportReporter -->
<testsuite skipped="0" hostname="DESKTOP-VG3VBVK" name="tests.TestClass1" tests="6" failures="0" timestamp="2023-02-08T15:21:43 IST" time="30.052" errors="0">
  <testcase name="test3" time="5.009" classname="tests.TestClass1"/>
  <system-out/>
  <testcase name="test1" time="5.007" classname="tests.TestClass1"/>
  <system-out/>
  <testcase name="test3" time="5.010" classname="tests.TestClass1"/>
  <system-out/>
  <testcase name="test2" time="5.009" classname="tests.TestClass1"/>
  <system-out/>
  <testcase name="test1" time="5.007" classname="tests.TestClass1"/>
  <system-out/>
  <testcase name="test2" time="5.010" classname="tests.TestClass1"/>
  <system-out/>
</testsuite> <!-- tests.TestClass1 -->
