<?xml version="1.0" encoding="UTF-8"?>
<!-- Generated by org.testng.reporters.JUnitReportReporter -->
<testsuite skipped="0" hostname="DESKTOP-VG3VBVK" name="tests.AdminUserManagementTest" tests="1" failures="0" timestamp="2023-02-01T18:57:43 IST" time="21.064" errors="0">
  <testcase name="AdminUserManagementTest1" time="21.064" classname="tests.AdminUserManagementTest"/>
</testsuite> <!-- tests.AdminUserManagementTest -->
